<?xml version="1.0" encoding="UTF-8"?>
<testng-results ignored="0" total="1" passed="1" failed="0" skipped="0">
  <reporter-output>
  </reporter-output>
  <suite started-at="2022-01-20T01:54:56 IST" name="Default suite" finished-at="2022-01-20T01:55:02 IST" duration-ms="5542">
    <groups>
    </groups>
    <test started-at="2022-01-20T01:54:56 IST" name="Default test" finished-at="2022-01-20T01:55:02 IST" duration-ms="5542">
      <class name="employees.RequestChainingCreateAndDeleteUser">
        <test-method signature="createAndDeleteUser()[pri:0, instance:employees.RequestChainingCreateAndDeleteUser@61386958]" started-at="2022-01-20T01:54:56 IST" name="createAndDeleteUser" finished-at="2022-01-20T01:55:02 IST" duration-ms="5462" status="PASS">
          <reporter-output>
          </reporter-output>
        </test-method> <!-- createAndDeleteUser -->
      </class> <!-- employees.RequestChainingCreateAndDeleteUser -->
    </test> <!-- Default test -->
  </suite> <!-- Default suite -->
</testng-results>
